2022-09-11 00:44:55,754:INFO:PyCaret Supervised Module
2022-09-11 00:44:55,755:INFO:ML Usecase: classification
2022-09-11 00:44:55,755:INFO:version 2.2.2
2022-09-11 00:44:55,755:INFO:Initializing setup()
2022-09-11 00:44:55,755:INFO:setup(target=condition, ml_usecase=classification, available_plots={'parameter': 'Hyperparameters', 'auc': 'AUC', 'confusion_matrix': 'Confusion Matrix', 'threshold': 'Threshold', 'pr': 'Precision Recall', 'error': 'Prediction Error', 'class_report': 'Class Report', 'rfe': 'Feature Selection', 'learning': 'Learning Curve', 'manifold': 'Manifold Learning', 'calibration': 'Calibration Curve', 'vc': 'Validation Curve', 'dimension': 'Dimensions', 'feature': 'Feature Importance', 'feature_all': 'Feature Importance (All)', 'boundary': 'Decision Boundary', 'lift': 'Lift Chart', 'gain': 'Gain Chart', 'tree': 'Decision Tree'}, train_size=0.7, test_data=None, preprocess=True, imputation_type=simple, iterative_imputation_iters=5, categorical_features=None, categorical_imputation=constant, categorical_iterative_imputer=lightgbm, ordinal_features=None, high_cardinality_features=None, high_cardinality_method=frequency, numeric_features=None, numeric_imputation=mean, numeric_iterative_imputer=lightgbm, date_features=None, ignore_features=None, normalize=False, normalize_method=zscore, transformation=False, transformation_method=yeo-johnson, handle_unknown_categorical=True, unknown_categorical_method=least_frequent, pca=False, pca_method=linear, pca_components=None, ignore_low_variance=False, combine_rare_levels=False, rare_level_threshold=0.1, bin_numeric_features=None, remove_outliers=False, outliers_threshold=0.05, remove_multicollinearity=False, multicollinearity_threshold=0.9, remove_perfect_collinearity=True, create_clusters=False, cluster_iter=20, polynomial_features=False, polynomial_degree=2, trigonometry_features=False, polynomial_threshold=0.1, group_features=None, group_names=None, feature_selection=False, feature_selection_threshold=0.8, feature_selection_method=classic, feature_interaction=False, feature_ratio=False, interaction_threshold=0.01, fix_imbalance=False, fix_imbalance_method=None, transform_target=False, transform_target_method=box-cox, data_split_shuffle=True, data_split_stratify=False, fold_strategy=stratifiedkfold, fold=10, fold_shuffle=False, fold_groups=None, n_jobs=-1, use_gpu=False, custom_pipeline=None, html=True, session_id=None, log_experiment=False, experiment_name=None, log_plots=False, log_profile=False, log_data=False, silent=False, verbose=True, profile=False, profile_kwargs=None, display=None)
2022-09-11 00:44:55,755:INFO:Checking environment
2022-09-11 00:44:55,755:INFO:python_version: 3.9.7
2022-09-11 00:44:55,755:INFO:python_build: ('default', 'Sep 16 2021 08:50:36')
2022-09-11 00:44:55,755:INFO:machine: x86_64
2022-09-11 00:44:55,755:INFO:platform: macOS-10.16-x86_64-i386-64bit
2022-09-11 00:44:55,756:INFO:Memory: svmem(total=8589934592, available=358178816, percent=95.8, used=822718464, free=14446592, active=346169344, inactive=326889472, wired=476549120)
2022-09-11 00:44:55,756:INFO:Physical Core: 8
2022-09-11 00:44:55,756:INFO:Logical Core: 8
2022-09-11 00:44:55,756:INFO:Checking libraries
2022-09-11 00:44:55,756:INFO:pd==1.4.2
2022-09-11 00:44:55,756:INFO:numpy==1.21.5
2022-09-11 00:44:55,756:INFO:sklearn==1.1.2
2022-09-11 00:44:56,524:INFO:xgboost==1.6.2
2022-09-11 00:44:56,524:INFO:lightgbm==3.3.2
2022-09-11 00:44:58,523:INFO:catboost==1.0.6
2022-09-11 00:44:59,244:INFO:mlflow==1.28.0
2022-09-11 00:44:59,244:INFO:Checking Exceptions
2022-09-11 00:44:59,246:INFO:Declaring global variables
2022-09-11 00:44:59,246:INFO:USI: 577a
2022-09-11 00:44:59,246:INFO:pycaret_globals: {'transform_target_method_param', 'iterative_imputation_iters_param', 'pycaret_globals', '_all_models_internal', 'transform_target_param', 'X', '_all_models', 'imputation_regressor', 'fold_shuffle_param', 'master_model_container', 'logging_param', 'y', 'create_model_container', '_ml_usecase', 'fix_imbalance_param', 'display_container', 'prep_pipe', 'gpu_param', 'fold_param', 'X_train', 'exp_name_log', 'data_before_preprocess', 'fold_groups_param', 'y_train', 'imputation_classifier', 'n_jobs_param', 'log_plots_param', 'seed', '_available_plots', 'y_test', 'fold_generator', 'html_param', '_gpu_n_jobs_param', '_internal_pipeline', 'USI', 'experiment__', '_all_metrics', 'X_test', 'fix_imbalance_method_param', 'stratify_param', 'target_param'}
2022-09-11 00:44:59,246:INFO:Preparing display monitor
2022-09-11 00:44:59,246:INFO:Preparing display monitor
2022-09-11 00:44:59,267:INFO:Importing libraries
2022-09-11 00:44:59,268:INFO:Copying data for preprocessing
2022-09-11 00:45:01,720:INFO:Declaring preprocessing parameters
2022-09-11 00:45:07,751:INFO:Creating preprocessing pipeline
2022-09-11 00:45:11,421:INFO:Preprocessing pipeline created successfully
2022-09-11 00:45:11,422:ERROR:(Process Exit): setup has been interupted with user command 'quit'. setup must rerun.
2022-09-11 00:45:11,422:INFO:Creating global containers
2022-09-11 00:49:05,217:INFO:PyCaret Supervised Module
2022-09-11 00:49:05,218:INFO:ML Usecase: classification
2022-09-11 00:49:05,218:INFO:version 2.2.2
2022-09-11 00:49:05,219:INFO:Initializing setup()
2022-09-11 00:49:05,219:INFO:setup(target=target, ml_usecase=classification, available_plots={'parameter': 'Hyperparameters', 'auc': 'AUC', 'confusion_matrix': 'Confusion Matrix', 'threshold': 'Threshold', 'pr': 'Precision Recall', 'error': 'Prediction Error', 'class_report': 'Class Report', 'rfe': 'Feature Selection', 'learning': 'Learning Curve', 'manifold': 'Manifold Learning', 'calibration': 'Calibration Curve', 'vc': 'Validation Curve', 'dimension': 'Dimensions', 'feature': 'Feature Importance', 'feature_all': 'Feature Importance (All)', 'boundary': 'Decision Boundary', 'lift': 'Lift Chart', 'gain': 'Gain Chart', 'tree': 'Decision Tree'}, train_size=0.7, test_data=None, preprocess=True, imputation_type=simple, iterative_imputation_iters=5, categorical_features=None, categorical_imputation=constant, categorical_iterative_imputer=lightgbm, ordinal_features=None, high_cardinality_features=None, high_cardinality_method=frequency, numeric_features=None, numeric_imputation=mean, numeric_iterative_imputer=lightgbm, date_features=None, ignore_features=None, normalize=False, normalize_method=zscore, transformation=False, transformation_method=yeo-johnson, handle_unknown_categorical=True, unknown_categorical_method=least_frequent, pca=False, pca_method=linear, pca_components=None, ignore_low_variance=False, combine_rare_levels=False, rare_level_threshold=0.1, bin_numeric_features=None, remove_outliers=False, outliers_threshold=0.05, remove_multicollinearity=False, multicollinearity_threshold=0.9, remove_perfect_collinearity=True, create_clusters=False, cluster_iter=20, polynomial_features=False, polynomial_degree=2, trigonometry_features=False, polynomial_threshold=0.1, group_features=None, group_names=None, feature_selection=False, feature_selection_threshold=0.8, feature_selection_method=classic, feature_interaction=False, feature_ratio=False, interaction_threshold=0.01, fix_imbalance=False, fix_imbalance_method=None, transform_target=False, transform_target_method=box-cox, data_split_shuffle=True, data_split_stratify=False, fold_strategy=stratifiedkfold, fold=10, fold_shuffle=False, fold_groups=None, n_jobs=-1, use_gpu=False, custom_pipeline=None, html=True, session_id=None, log_experiment=False, experiment_name=None, log_plots=False, log_profile=False, log_data=False, silent=False, verbose=True, profile=False, profile_kwargs=None, display=None)
2022-09-11 00:49:05,219:INFO:Checking environment
2022-09-11 00:49:05,219:INFO:python_version: 3.9.7
2022-09-11 00:49:05,220:INFO:python_build: ('default', 'Sep 16 2021 08:50:36')
2022-09-11 00:49:05,220:INFO:machine: x86_64
2022-09-11 00:49:05,220:INFO:platform: macOS-10.16-x86_64-i386-64bit
2022-09-11 00:49:05,222:INFO:Memory: svmem(total=8589934592, available=317038592, percent=96.3, used=773148672, free=14716928, active=304857088, inactive=297578496, wired=468291584)
2022-09-11 00:49:05,223:INFO:Physical Core: 8
2022-09-11 00:49:05,223:INFO:Logical Core: 8
2022-09-11 00:49:05,223:INFO:Checking libraries
2022-09-11 00:49:05,224:INFO:pd==1.4.2
2022-09-11 00:49:05,224:INFO:numpy==1.21.5
2022-09-11 00:49:05,226:INFO:sklearn==1.1.2
2022-09-11 00:49:05,228:INFO:xgboost==1.6.2
2022-09-11 00:49:05,230:INFO:lightgbm==3.3.2
2022-09-11 00:49:05,232:INFO:catboost==1.0.6
2022-09-11 00:49:05,232:INFO:mlflow==1.28.0
2022-09-11 00:49:05,232:INFO:Checking Exceptions
2022-09-11 00:49:05,234:INFO:Declaring global variables
2022-09-11 00:49:05,235:INFO:USI: ba42
2022-09-11 00:49:05,236:INFO:pycaret_globals: {'transform_target_method_param', 'iterative_imputation_iters_param', 'pycaret_globals', '_all_models_internal', 'transform_target_param', 'X', '_all_models', 'imputation_regressor', 'fold_shuffle_param', 'master_model_container', 'logging_param', 'y', 'create_model_container', '_ml_usecase', 'fix_imbalance_param', 'display_container', 'prep_pipe', 'gpu_param', 'fold_param', 'X_train', 'exp_name_log', 'data_before_preprocess', 'fold_groups_param', 'y_train', 'imputation_classifier', 'n_jobs_param', 'log_plots_param', 'seed', '_available_plots', 'y_test', 'fold_generator', 'html_param', '_gpu_n_jobs_param', '_internal_pipeline', 'USI', 'experiment__', '_all_metrics', 'X_test', 'fix_imbalance_method_param', 'stratify_param', 'target_param'}
2022-09-11 00:49:05,236:INFO:Preparing display monitor
2022-09-11 00:49:05,237:INFO:Preparing display monitor
2022-09-11 00:49:05,277:INFO:Importing libraries
2022-09-11 00:49:05,277:INFO:Copying data for preprocessing
2022-09-11 00:49:19,034:INFO:Declaring preprocessing parameters
2022-09-11 00:49:29,625:INFO:Creating preprocessing pipeline
2022-09-11 00:49:38,764:INFO:Preprocessing pipeline created successfully
2022-09-11 00:49:38,765:ERROR:(Process Exit): setup has been interupted with user command 'quit'. setup must rerun.
2022-09-11 00:49:38,765:INFO:Creating global containers
2022-09-11 00:59:12,116:INFO:PyCaret Supervised Module
2022-09-11 00:59:12,116:INFO:ML Usecase: classification
2022-09-11 00:59:12,116:INFO:version 2.2.2
2022-09-11 00:59:12,116:INFO:Initializing setup()
2022-09-11 00:59:12,116:INFO:setup(target=target, ml_usecase=classification, available_plots={'parameter': 'Hyperparameters', 'auc': 'AUC', 'confusion_matrix': 'Confusion Matrix', 'threshold': 'Threshold', 'pr': 'Precision Recall', 'error': 'Prediction Error', 'class_report': 'Class Report', 'rfe': 'Feature Selection', 'learning': 'Learning Curve', 'manifold': 'Manifold Learning', 'calibration': 'Calibration Curve', 'vc': 'Validation Curve', 'dimension': 'Dimensions', 'feature': 'Feature Importance', 'feature_all': 'Feature Importance (All)', 'boundary': 'Decision Boundary', 'lift': 'Lift Chart', 'gain': 'Gain Chart', 'tree': 'Decision Tree'}, train_size=0.7, test_data=None, preprocess=True, imputation_type=simple, iterative_imputation_iters=5, categorical_features=None, categorical_imputation=constant, categorical_iterative_imputer=lightgbm, ordinal_features=None, high_cardinality_features=None, high_cardinality_method=frequency, numeric_features=None, numeric_imputation=mean, numeric_iterative_imputer=lightgbm, date_features=None, ignore_features=None, normalize=False, normalize_method=zscore, transformation=False, transformation_method=yeo-johnson, handle_unknown_categorical=True, unknown_categorical_method=least_frequent, pca=False, pca_method=linear, pca_components=None, ignore_low_variance=False, combine_rare_levels=False, rare_level_threshold=0.1, bin_numeric_features=None, remove_outliers=False, outliers_threshold=0.05, remove_multicollinearity=False, multicollinearity_threshold=0.9, remove_perfect_collinearity=True, create_clusters=False, cluster_iter=20, polynomial_features=False, polynomial_degree=2, trigonometry_features=False, polynomial_threshold=0.1, group_features=None, group_names=None, feature_selection=False, feature_selection_threshold=0.8, feature_selection_method=classic, feature_interaction=False, feature_ratio=False, interaction_threshold=0.01, fix_imbalance=False, fix_imbalance_method=None, transform_target=False, transform_target_method=box-cox, data_split_shuffle=True, data_split_stratify=False, fold_strategy=stratifiedkfold, fold=10, fold_shuffle=False, fold_groups=None, n_jobs=-1, use_gpu=False, custom_pipeline=None, html=True, session_id=None, log_experiment=False, experiment_name=None, log_plots=False, log_profile=False, log_data=False, silent=False, verbose=True, profile=False, profile_kwargs=None, display=None)
2022-09-11 00:59:12,116:INFO:Checking environment
2022-09-11 00:59:12,116:INFO:python_version: 3.9.7
2022-09-11 00:59:12,116:INFO:python_build: ('default', 'Sep 16 2021 08:50:36')
2022-09-11 00:59:12,116:INFO:machine: x86_64
2022-09-11 00:59:12,116:INFO:platform: macOS-10.16-x86_64-i386-64bit
2022-09-11 00:59:12,117:INFO:Memory: svmem(total=8589934592, available=492019712, percent=94.3, used=914980864, free=16166912, active=490446848, inactive=458166272, wired=424534016)
2022-09-11 00:59:12,117:INFO:Physical Core: 8
2022-09-11 00:59:12,117:INFO:Logical Core: 8
2022-09-11 00:59:12,117:INFO:Checking libraries
2022-09-11 00:59:12,117:INFO:pd==1.4.2
2022-09-11 00:59:12,117:INFO:numpy==1.21.5
2022-09-11 00:59:12,117:INFO:sklearn==1.1.2
2022-09-11 00:59:12,175:INFO:xgboost==1.6.2
2022-09-11 00:59:12,175:INFO:lightgbm==3.3.2
2022-09-11 00:59:12,225:INFO:catboost==1.0.6
2022-09-11 00:59:12,501:INFO:mlflow==1.28.0
2022-09-11 00:59:12,502:INFO:Checking Exceptions
2022-09-11 00:59:12,509:INFO:Declaring global variables
2022-09-11 00:59:12,509:INFO:USI: 9163
2022-09-11 00:59:12,509:INFO:pycaret_globals: {'display_container', 'y_test', 'X', 'fix_imbalance_method_param', '_all_metrics', 'imputation_regressor', 'X_train', 'experiment__', '_internal_pipeline', 'n_jobs_param', 'fold_param', 'y_train', 'fold_shuffle_param', 'html_param', 'fold_groups_param', 'create_model_container', 'target_param', 'data_before_preprocess', 'logging_param', 'stratify_param', 'master_model_container', 'X_test', 'seed', '_all_models_internal', 'fold_generator', 'log_plots_param', 'pycaret_globals', 'USI', 'iterative_imputation_iters_param', 'transform_target_method_param', 'y', '_all_models', 'fix_imbalance_param', '_ml_usecase', 'transform_target_param', 'imputation_classifier', '_gpu_n_jobs_param', '_available_plots', 'gpu_param', 'exp_name_log', 'prep_pipe'}
2022-09-11 00:59:12,509:INFO:Preparing display monitor
2022-09-11 00:59:12,509:INFO:Preparing display monitor
2022-09-11 00:59:12,519:INFO:Importing libraries
2022-09-11 00:59:12,519:INFO:Copying data for preprocessing
2022-09-11 00:59:13,121:INFO:Declaring preprocessing parameters
2022-09-11 00:59:13,280:INFO:Creating preprocessing pipeline
2022-09-11 00:59:13,844:INFO:Preprocessing pipeline created successfully
2022-09-11 00:59:13,844:ERROR:(Process Exit): setup has been interupted with user command 'quit'. setup must rerun.
2022-09-11 00:59:13,844:INFO:Creating global containers
2022-09-11 01:00:15,819:INFO:PyCaret Supervised Module
2022-09-11 01:00:15,819:INFO:ML Usecase: classification
2022-09-11 01:00:15,820:INFO:version 2.2.2
2022-09-11 01:00:15,820:INFO:Initializing setup()
2022-09-11 01:00:15,820:INFO:setup(target=target, ml_usecase=classification, available_plots={'parameter': 'Hyperparameters', 'auc': 'AUC', 'confusion_matrix': 'Confusion Matrix', 'threshold': 'Threshold', 'pr': 'Precision Recall', 'error': 'Prediction Error', 'class_report': 'Class Report', 'rfe': 'Feature Selection', 'learning': 'Learning Curve', 'manifold': 'Manifold Learning', 'calibration': 'Calibration Curve', 'vc': 'Validation Curve', 'dimension': 'Dimensions', 'feature': 'Feature Importance', 'feature_all': 'Feature Importance (All)', 'boundary': 'Decision Boundary', 'lift': 'Lift Chart', 'gain': 'Gain Chart', 'tree': 'Decision Tree'}, train_size=0.7, test_data=None, preprocess=True, imputation_type=simple, iterative_imputation_iters=5, categorical_features=None, categorical_imputation=constant, categorical_iterative_imputer=lightgbm, ordinal_features=None, high_cardinality_features=None, high_cardinality_method=frequency, numeric_features=None, numeric_imputation=mean, numeric_iterative_imputer=lightgbm, date_features=None, ignore_features=None, normalize=False, normalize_method=zscore, transformation=False, transformation_method=yeo-johnson, handle_unknown_categorical=True, unknown_categorical_method=least_frequent, pca=False, pca_method=linear, pca_components=None, ignore_low_variance=False, combine_rare_levels=False, rare_level_threshold=0.1, bin_numeric_features=None, remove_outliers=False, outliers_threshold=0.05, remove_multicollinearity=False, multicollinearity_threshold=0.9, remove_perfect_collinearity=True, create_clusters=False, cluster_iter=20, polynomial_features=False, polynomial_degree=2, trigonometry_features=False, polynomial_threshold=0.1, group_features=None, group_names=None, feature_selection=False, feature_selection_threshold=0.8, feature_selection_method=classic, feature_interaction=False, feature_ratio=False, interaction_threshold=0.01, fix_imbalance=False, fix_imbalance_method=None, transform_target=False, transform_target_method=box-cox, data_split_shuffle=True, data_split_stratify=False, fold_strategy=stratifiedkfold, fold=10, fold_shuffle=True, fold_groups=None, n_jobs=-1, use_gpu=False, custom_pipeline=None, html=True, session_id=None, log_experiment=False, experiment_name=None, log_plots=False, log_profile=False, log_data=False, silent=False, verbose=True, profile=False, profile_kwargs=None, display=None)
2022-09-11 01:00:15,820:INFO:Checking environment
2022-09-11 01:00:15,820:INFO:python_version: 3.9.7
2022-09-11 01:00:15,820:INFO:python_build: ('default', 'Sep 16 2021 08:50:36')
2022-09-11 01:00:15,821:INFO:machine: x86_64
2022-09-11 01:00:15,821:INFO:platform: macOS-10.16-x86_64-i386-64bit
2022-09-11 01:00:15,821:INFO:Memory: svmem(total=8589934592, available=329080832, percent=96.2, used=759320576, free=14688256, active=317276160, inactive=306044928, wired=442044416)
2022-09-11 01:00:15,821:INFO:Physical Core: 8
2022-09-11 01:00:15,821:INFO:Logical Core: 8
2022-09-11 01:00:15,821:INFO:Checking libraries
2022-09-11 01:00:15,821:INFO:pd==1.4.2
2022-09-11 01:00:15,821:INFO:numpy==1.21.5
2022-09-11 01:00:15,821:INFO:sklearn==1.1.2
2022-09-11 01:00:15,821:INFO:xgboost==1.6.2
2022-09-11 01:00:15,821:INFO:lightgbm==3.3.2
2022-09-11 01:00:15,821:INFO:catboost==1.0.6
2022-09-11 01:00:15,821:INFO:mlflow==1.28.0
2022-09-11 01:00:15,822:INFO:Checking Exceptions
2022-09-11 01:00:15,825:INFO:Declaring global variables
2022-09-11 01:00:15,825:INFO:USI: 9187
2022-09-11 01:00:15,825:INFO:pycaret_globals: {'display_container', 'y_test', 'X', 'fix_imbalance_method_param', '_all_metrics', 'imputation_regressor', 'X_train', 'experiment__', '_internal_pipeline', 'n_jobs_param', 'fold_param', 'y_train', 'fold_shuffle_param', 'html_param', 'fold_groups_param', 'create_model_container', 'target_param', 'data_before_preprocess', 'logging_param', 'stratify_param', 'master_model_container', 'X_test', 'seed', '_all_models_internal', 'fold_generator', 'log_plots_param', 'pycaret_globals', 'USI', 'iterative_imputation_iters_param', 'transform_target_method_param', 'y', '_all_models', 'fix_imbalance_param', '_ml_usecase', 'transform_target_param', 'imputation_classifier', '_gpu_n_jobs_param', '_available_plots', 'gpu_param', 'exp_name_log', 'prep_pipe'}
2022-09-11 01:00:15,825:INFO:Preparing display monitor
2022-09-11 01:00:15,826:INFO:Preparing display monitor
2022-09-11 01:00:15,851:INFO:Importing libraries
2022-09-11 01:00:15,852:INFO:Copying data for preprocessing
2022-09-11 01:00:21,656:INFO:Declaring preprocessing parameters
2022-09-11 01:00:27,591:INFO:Creating preprocessing pipeline
2022-09-11 01:00:36,824:INFO:Preprocessing pipeline created successfully
2022-09-11 01:00:36,825:ERROR:(Process Exit): setup has been interupted with user command 'quit'. setup must rerun.
2022-09-11 01:00:36,827:INFO:Creating global containers
2022-09-11 01:00:36,831:INFO:Internal pipeline: Pipeline(memory=None, steps=[('empty_step', 'passthrough')], verbose=False)
